  glm.c
c:\users\先先\desktop\cg_hw2_newframework\104070038_hw_2\cg_hw1\cg_hw1\glm.c(1450): warning C4477: 'fprintf' : 格式字串 '%d' 需要 'int' 類型的引數，但 variadic 引數 1 的類型為 'GLfloat *'
  main.cpp
c:\users\先先\desktop\cg_hw2_newframework\104070038_hw_2\cg_hw1\cg_hw1\main.cpp(174): warning C4244: '=': 將 'double' 轉換為 'float'，由於類型不同，可能導致資料遺失
c:\users\先先\desktop\cg_hw2_newframework\104070038_hw_2\cg_hw1\cg_hw1\main.cpp(226): warning C4018: '<': signed/unsigned 不相符
c:\users\先先\desktop\cg_hw2_newframework\104070038_hw_2\cg_hw1\cg_hw1\main.cpp(233): warning C4838: 從 'GLuint' 到 'int' 的轉換必須是縮小轉換
c:\users\先先\desktop\cg_hw2_newframework\104070038_hw_2\cg_hw1\cg_hw1\main.cpp(238): warning C4838: 從 'GLuint' 到 'int' 的轉換必須是縮小轉換
c:\users\先先\desktop\cg_hw2_newframework\104070038_hw_2\cg_hw1\cg_hw1\main.cpp(587): warning C4305: '*=': 從 'double' 轉換為 'float'，是由較大的類型轉換為較小的類型，可能導致資料遺失
c:\users\先先\desktop\cg_hw2_newframework\104070038_hw_2\cg_hw1\cg_hw1\main.cpp(598): warning C4305: '*=': 從 'double' 轉換為 'float'，是由較大的類型轉換為較小的類型，可能導致資料遺失
c:\users\先先\desktop\cg_hw2_newframework\104070038_hw_2\cg_hw1\cg_hw1\main.cpp(605): warning C4305: '+=': 從 'double' 轉換為 'float'，是由較大的類型轉換為較小的類型，可能導致資料遺失
c:\users\先先\desktop\cg_hw2_newframework\104070038_hw_2\cg_hw1\cg_hw1\main.cpp(612): warning C4305: '-=': 從 'double' 轉換為 'float'，是由較大的類型轉換為較小的類型，可能導致資料遺失
c:\users\先先\desktop\cg_hw2_newframework\104070038_hw_2\cg_hw1\cg_hw1\main.cpp(692): warning C4305: '-=': 從 'double' 轉換為 'float'，是由較大的類型轉換為較小的類型，可能導致資料遺失
c:\users\先先\desktop\cg_hw2_newframework\104070038_hw_2\cg_hw1\cg_hw1\main.cpp(698): warning C4305: '+=': 從 'double' 轉換為 'float'，是由較大的類型轉換為較小的類型，可能導致資料遺失
c:\users\先先\desktop\cg_hw2_newframework\104070038_hw_2\cg_hw1\cg_hw1\main.cpp(704): warning C4305: '+=': 從 'double' 轉換為 'float'，是由較大的類型轉換為較小的類型，可能導致資料遺失
c:\users\先先\desktop\cg_hw2_newframework\104070038_hw_2\cg_hw1\cg_hw1\main.cpp(709): warning C4305: '-=': 從 'double' 轉換為 'float'，是由較大的類型轉換為較小的類型，可能導致資料遺失
c:\users\先先\desktop\cg_hw2_newframework\104070038_hw_2\cg_hw1\cg_hw1\main.cpp(744): warning C4305: '=': 從 'double' 轉換為 'float'，是由較大的類型轉換為較小的類型，可能導致資料遺失
c:\users\先先\desktop\cg_hw2_newframework\104070038_hw_2\cg_hw1\cg_hw1\main.cpp(745): warning C4305: '=': 從 'double' 轉換為 'float'，是由較大的類型轉換為較小的類型，可能導致資料遺失
c:\users\先先\desktop\cg_hw2_newframework\104070038_hw_2\cg_hw1\cg_hw1\main.cpp(755): warning C4305: '=': 從 'double' 轉換為 'float'，是由較大的類型轉換為較小的類型，可能導致資料遺失
c:\users\先先\desktop\cg_hw2_newframework\104070038_hw_2\cg_hw1\cg_hw1\main.cpp(756): warning C4305: '=': 從 'double' 轉換為 'float'，是由較大的類型轉換為較小的類型，可能導致資料遺失
c:\users\先先\desktop\cg_hw2_newframework\104070038_hw_2\cg_hw1\cg_hw1\main.cpp(777): warning C4018: '<': signed/unsigned 不相符
c:\users\先先\desktop\cg_hw2_newframework\104070038_hw_2\cg_hw1\cg_hw1\main.cpp(828): warning C4018: '<': signed/unsigned 不相符
  Matrices.cpp
c:\users\先先\desktop\cg_hw2_newframework\104070038_hw_2\cg_hw1\cg_hw1\matrices.cpp(457): warning C4244: '引數': 將 'double' 轉換為 'float'，由於類型不同，可能導致資料遺失
c:\users\先先\desktop\cg_hw2_newframework\104070038_hw_2\cg_hw1\cg_hw1\matrices.cpp(458): warning C4244: '引數': 將 'double' 轉換為 'float'，由於類型不同，可能導致資料遺失
  textfile.cpp
  正在產生程式碼
  0 of 295 functions ( 0.0%) were compiled, the rest were copied from previous compilation.
    0 functions were new in current compilation
    0 functions had inline decision re-evaluated but remain unchanged
  已完成程式碼產生
  CG_HW1.vcxproj -> C:\Users\先先\Desktop\CG_HW2_NewFramework\104070038_HW_2\CG_HW1\Release\CG_HW1.exe
